<?xml version="1.0" encoding="UTF-8"?>
<testsuite name="TransferValidatorTest" tests="31" skipped="0" failures="0" errors="0" timestamp="2023-12-12T00:19:21" hostname="n3-119-253.dhcp.drexel.edu" time="0.005">
  <properties/>
  <testcase name="transferring_to_yourself_is_invalid()" classname="TransferValidatorTest" time="0.0"/>
  <testcase name="transferring_from_checking_boundary_condition()" classname="TransferValidatorTest" time="0.0"/>
  <testcase name="too_many_arguments()" classname="TransferValidatorTest" time="0.0"/>
  <testcase name="too_many_digits_in_from_ID()" classname="TransferValidatorTest" time="0.0"/>
  <testcase name="transfer_from_nonexistant_account_is_invalid()" classname="TransferValidatorTest" time="0.0"/>
  <testcase name="transferring_negative_value_is_invalid()" classname="TransferValidatorTest" time="0.001"/>
  <testcase name="max_transfer_to_savings()" classname="TransferValidatorTest" time="0.0"/>
  <testcase name="transferring_huge_amount_is_invalid()" classname="TransferValidatorTest" time="0.0"/>
  <testcase name="transfer_from_savings_to_checking()" classname="TransferValidatorTest" time="0.0"/>
  <testcase name="transferring_more_than_400_from_checking_is_invalid()" classname="TransferValidatorTest" time="0.0"/>
  <testcase name="from_id_is_not_a_number()" classname="TransferValidatorTest" time="0.001"/>
  <testcase name="transfer_to_cd_is_invalid()" classname="TransferValidatorTest" time="0.0"/>
  <testcase name="max_transfer_to_checking()" classname="TransferValidatorTest" time="0.0"/>
  <testcase name="transferring_more_than_2500_to_savings_is_invalid()" classname="TransferValidatorTest" time="0.0"/>
  <testcase name="transfer_amount_is_not_a_number()" classname="TransferValidatorTest" time="0.0"/>
  <testcase name="transfer_from_cd_is_invalid()" classname="TransferValidatorTest" time="0.0"/>
  <testcase name="transfer_from_checking_to_checking()" classname="TransferValidatorTest" time="0.0"/>
  <testcase name="transferring_zero_is_valid()" classname="TransferValidatorTest" time="0.0"/>
  <testcase name="transferring_more_than_1000_from_savings_is_invalid()" classname="TransferValidatorTest" time="0.0"/>
  <testcase name="transfer_to_nonexistant_account_is_invalid()" classname="TransferValidatorTest" time="0.0"/>
  <testcase name="missing_amount_and_toID()" classname="TransferValidatorTest" time="0.0"/>
  <testcase name="missing_transfer()" classname="TransferValidatorTest" time="0.001"/>
  <testcase name="transferring_from_savings_boundary_condition()" classname="TransferValidatorTest" time="0.0"/>
  <testcase name="too_many_digits_in_to_ID()" classname="TransferValidatorTest" time="0.0"/>
  <testcase name="missing_amount()" classname="TransferValidatorTest" time="0.0"/>
  <testcase name="multiple_transfer_commands()" classname="TransferValidatorTest" time="0.0"/>
  <testcase name="missing_amount_fromID_and_toID()" classname="TransferValidatorTest" time="0.0"/>
  <testcase name="transfer_from_savings_to_savings()" classname="TransferValidatorTest" time="0.0"/>
  <testcase name="transfer_from_checking_to_savings()" classname="TransferValidatorTest" time="0.001"/>
  <testcase name="to_id_is_not_a_number()" classname="TransferValidatorTest" time="0.0"/>
  <testcase name="transferring_more_than_1000_to_checking_is_invalid()" classname="TransferValidatorTest" time="0.0"/>
  <system-out><![CDATA[]]></system-out>
  <system-err><![CDATA[]]></system-err>
</testsuite>
