<?xml version="1.0" encoding="UTF-8"?>
<testsuite name="CreateValidatorTest" tests="66" skipped="0" failures="0" errors="0" timestamp="2023-12-12T00:19:21" hostname="n3-119-253.dhcp.drexel.edu" time="0.015">
  <properties/>
  <testcase name="cd_with_no_apr_and_balance()" classname="CreateValidatorTest" time="0.0"/>
  <testcase name="savings_account_created_with_extra_spaces_at_end()" classname="CreateValidatorTest" time="0.0"/>
  <testcase name="checking_account_created_with_extra_spaces_at_start()" classname="CreateValidatorTest" time="0.0"/>
  <testcase name="invalid_account_type()" classname="CreateValidatorTest" time="0.0"/>
  <testcase name="checking_apr_is_not_a_number()" classname="CreateValidatorTest" time="0.0"/>
  <testcase name="cd_account_created_with_extra_spaces_in_middle()" classname="CreateValidatorTest" time="0.0"/>
  <testcase name="attempt_to_create_checking_account_with_existing_id()" classname="CreateValidatorTest" time="0.0"/>
  <testcase name="cd_initial_deposit_not_a_number()" classname="CreateValidatorTest" time="0.0"/>
  <testcase name="cd_apr_is_not_a_number()" classname="CreateValidatorTest" time="0.0"/>
  <testcase name="too_many_digits_in_savings_account_id()" classname="CreateValidatorTest" time="0.0"/>
  <testcase name="checking_id_is_not_a_number()" classname="CreateValidatorTest" time="0.0"/>
  <testcase name="checking_with_maximum_apr()" classname="CreateValidatorTest" time="0.001"/>
  <testcase name="cd_initial_deposit_too_high()" classname="CreateValidatorTest" time="0.0"/>
  <testcase name="cd_id_is_not_a_number()" classname="CreateValidatorTest" time="0.0"/>
  <testcase name="checking_negative_apr_value()" classname="CreateValidatorTest" time="0.0"/>
  <testcase name="cd_account_with_too_many_arguments()" classname="CreateValidatorTest" time="0.001"/>
  <testcase name="no_account_type_id_or_balance()" classname="CreateValidatorTest" time="0.0"/>
  <testcase name="savings_account_created_with_extra_spaces_at_start()" classname="CreateValidatorTest" time="0.0"/>
  <testcase name="cd_negative_apr_value()" classname="CreateValidatorTest" time="0.0"/>
  <testcase name="multiple_cd_accounts_created()" classname="CreateValidatorTest" time="0.0"/>
  <testcase name="multiple_checking_accounts_created()" classname="CreateValidatorTest" time="0.0"/>
  <testcase name="attempt_to_create_cd_account_with_existing_id()" classname="CreateValidatorTest" time="0.0"/>
  <testcase name="savings_id_is_not_a_number()" classname="CreateValidatorTest" time="0.0"/>
  <testcase name="too_many_digits_in_checking_account_id()" classname="CreateValidatorTest" time="0.0"/>
  <testcase name="attempt_to_create_savings_account_with_existing_id()" classname="CreateValidatorTest" time="0.0"/>
  <testcase name="multiple_savings_accounts_created()" classname="CreateValidatorTest" time="0.0"/>
  <testcase name="savings_negative_apr_value()" classname="CreateValidatorTest" time="0.0"/>
  <testcase name="cd_initial_deposit_maximum_value()" classname="CreateValidatorTest" time="0.0"/>
  <testcase name="checking_account_is_created_normally()" classname="CreateValidatorTest" time="0.0"/>
  <testcase name="savings_case_insensitive()" classname="CreateValidatorTest" time="0.001"/>
  <testcase name="cd_initial_deposit_maximum_upper_bound_invalid_value()" classname="CreateValidatorTest" time="0.0"/>
  <testcase name="cd_missing_balance()" classname="CreateValidatorTest" time="0.0"/>
  <testcase name="checking_account_with_too_many_arguments()" classname="CreateValidatorTest" time="0.0"/>
  <testcase name="savings_account_is_created_normally()" classname="CreateValidatorTest" time="0.0"/>
  <testcase name="cd_account_created_with_extra_spaces_at_start()" classname="CreateValidatorTest" time="0.0"/>
  <testcase name="cd_with_huge_apr()" classname="CreateValidatorTest" time="0.0"/>
  <testcase name="checking_account_created_with_extra_spaces_in_middle()" classname="CreateValidatorTest" time="0.0"/>
  <testcase name="checking_with_huge_apr()" classname="CreateValidatorTest" time="0.0"/>
  <testcase name="savings_with_minimum_apr()" classname="CreateValidatorTest" time="0.0"/>
  <testcase name="cd_initial_deposit_is_a_decimal()" classname="CreateValidatorTest" time="0.0"/>
  <testcase name="checking_with_no_apr()" classname="CreateValidatorTest" time="0.0"/>
  <testcase name="savings_apr_is_not_a_number()" classname="CreateValidatorTest" time="0.0"/>
  <testcase name="cd_case_insensitive()" classname="CreateValidatorTest" time="0.0"/>
  <testcase name="savings_account_with_too_many_arguments()" classname="CreateValidatorTest" time="0.0"/>
  <testcase name="cd_negative_initial_deposit()" classname="CreateValidatorTest" time="0.0"/>
  <testcase name="checking_with_no_id_and_apr()" classname="CreateValidatorTest" time="0.0"/>
  <testcase name="savings_with_maximum_apr()" classname="CreateValidatorTest" time="0.0"/>
  <testcase name="savings_with_no_apr()" classname="CreateValidatorTest" time="0.0"/>
  <testcase name="cd_initial_deposit_too_low()" classname="CreateValidatorTest" time="0.001"/>
  <testcase name="cd_initial_deposit_minimum_value()" classname="CreateValidatorTest" time="0.0"/>
  <testcase name="checking_account_created_with_extra_spaces_at_end()" classname="CreateValidatorTest" time="0.0"/>
  <testcase name="cd_initial_deposit_maximum_lower_bound_invalid_value()" classname="CreateValidatorTest" time="0.0"/>
  <testcase name="savings_with_no_id_and_apr()" classname="CreateValidatorTest" time="0.0"/>
  <testcase name="missing_account_type()" classname="CreateValidatorTest" time="0.001"/>
  <testcase name="savings_with_huge_apr()" classname="CreateValidatorTest" time="0.0"/>
  <testcase name="cd_with_minimum_apr()" classname="CreateValidatorTest" time="0.0"/>
  <testcase name="checking_case_insensitive()" classname="CreateValidatorTest" time="0.0"/>
  <testcase name="cd_account_is_created_normally()" classname="CreateValidatorTest" time="0.0"/>
  <testcase name="missing_create()" classname="CreateValidatorTest" time="0.0"/>
  <testcase name="cd_with_no_id_apr_and_balance()" classname="CreateValidatorTest" time="0.0"/>
  <testcase name="too_many_digits_in_cd_account_id()" classname="CreateValidatorTest" time="0.0"/>
  <testcase name="cd_account_created_with_extra_spaces_at_end()" classname="CreateValidatorTest" time="0.0"/>
  <testcase name="savings_account_created_with_extra_spaces_in_middle()" classname="CreateValidatorTest" time="0.0"/>
  <testcase name="typo_or_incorrect_account_type()" classname="CreateValidatorTest" time="0.0"/>
  <testcase name="cd_with_maximum_apr()" classname="CreateValidatorTest" time="0.001"/>
  <testcase name="checking_with_minimum_apr()" classname="CreateValidatorTest" time="0.0"/>
  <system-out><![CDATA[]]></system-out>
  <system-err><![CDATA[]]></system-err>
</testsuite>
