<?xml version="1.0" encoding="UTF-8"?>
<testsuite name="PassTimeValidatorTest" tests="14" skipped="0" failures="0" errors="0" timestamp="2023-12-12T00:19:21" hostname="n3-119-253.dhcp.drexel.edu" time="0.002">
  <properties/>
  <testcase name="zero_time_cannot_be_passed()" classname="PassTimeValidatorTest" time="0.0"/>
  <testcase name="too_many_arguments()" classname="PassTimeValidatorTest" time="0.0"/>
  <testcase name="sixty_months_can_be_passed()" classname="PassTimeValidatorTest" time="0.0"/>
  <testcase name="missing_pass()" classname="PassTimeValidatorTest" time="0.0"/>
  <testcase name="missing_time()" classname="PassTimeValidatorTest" time="0.0"/>
  <testcase name="negative_time_cannot_be_passed()" classname="PassTimeValidatorTest" time="0.0"/>
  <testcase name="more_than_60_months_cannot_be_passed()" classname="PassTimeValidatorTest" time="0.0"/>
  <testcase name="random_integer_within_range_is_valid()" classname="PassTimeValidatorTest" time="0.0"/>
  <testcase name="very_large_negative_time_pass_is_invalid()" classname="PassTimeValidatorTest" time="0.0"/>
  <testcase name="decimal_months_cannot_be_passed()" classname="PassTimeValidatorTest" time="0.0"/>
  <testcase name="time_is_not_an_integer()" classname="PassTimeValidatorTest" time="0.0"/>
  <testcase name="time_is_alphanumeric()" classname="PassTimeValidatorTest" time="0.0"/>
  <testcase name="very_large_time_pass_is_invalid()" classname="PassTimeValidatorTest" time="0.001"/>
  <testcase name="pass_time_normally()" classname="PassTimeValidatorTest" time="0.0"/>
  <system-out><![CDATA[]]></system-out>
  <system-err><![CDATA[]]></system-err>
</testsuite>
