<?xml version="1.0" encoding="UTF-8"?>
<testsuite name="CDTest" tests="1" skipped="0" failures="0" errors="0" timestamp="2023-12-12T00:19:21" hostname="n3-119-253.dhcp.drexel.edu" time="0.001">
  <properties/>
  <testcase name="cd_account_is_created_with_specified_balance()" classname="CDTest" time="0.001"/>
  <system-out><![CDATA[]]></system-out>
  <system-err><![CDATA[]]></system-err>
</testsuite>
