<?xml version="1.0" encoding="UTF-8"?>
<testsuite name="CommandValidatorTest" tests="34" skipped="0" failures="0" errors="0" timestamp="2023-12-12T00:19:21" hostname="n3-119-253.dhcp.drexel.edu" time="0.011">
  <properties/>
  <testcase name="attempt_to_deposit_into_cd_()" classname="CommandValidatorTest" time="0.001"/>
  <testcase name="savings_account_created_with_extra_spaces_at_end()" classname="CommandValidatorTest" time="0.001"/>
  <testcase name="pass_time_with_extra_spaces_at_end()" classname="CommandValidatorTest" time="0.001"/>
  <testcase name="checking_account_created_with_extra_spaces_at_start()" classname="CommandValidatorTest" time="0.0"/>
  <testcase name="cd_account_created_with_extra_spaces_in_middle()" classname="CommandValidatorTest" time="0.0"/>
  <testcase name="savings_account_created_with_extra_spaces_at_start()" classname="CommandValidatorTest" time="0.001"/>
  <testcase name="checking_account_is_created_normally()" classname="CommandValidatorTest" time="0.0"/>
  <testcase name="savings_case_insensitive()" classname="CommandValidatorTest" time="0.0"/>
  <testcase name="pass_time_with_extra_spaces_at_start()" classname="CommandValidatorTest" time="0.0"/>
  <testcase name="savings_account_is_created_normally()" classname="CommandValidatorTest" time="0.0"/>
  <testcase name="pass_time_case_insensitive()" classname="CommandValidatorTest" time="0.0"/>
  <testcase name="cd_account_created_with_extra_spaces_at_start()" classname="CommandValidatorTest" time="0.0"/>
  <testcase name="deposit_into_savings_normally()" classname="CommandValidatorTest" time="0.0"/>
  <testcase name="checking_account_created_with_extra_spaces_in_middle()" classname="CommandValidatorTest" time="0.0"/>
  <testcase name="typo_in_pass()" classname="CommandValidatorTest" time="0.0"/>
  <testcase name="cd_case_insensitive()" classname="CommandValidatorTest" time="0.0"/>
  <testcase name="typo_in_transfer()" classname="CommandValidatorTest" time="0.0"/>
  <testcase name="transfer_normally()" classname="CommandValidatorTest" time="0.0"/>
  <testcase name="typo_in_deposit()" classname="CommandValidatorTest" time="0.0"/>
  <testcase name="pass_time_with_extra_spaces_in_middle()" classname="CommandValidatorTest" time="0.0"/>
  <testcase name="checking_account_created_with_extra_spaces_at_end()" classname="CommandValidatorTest" time="0.0"/>
  <testcase name="transfer_with_extra_spaces_in_middle()" classname="CommandValidatorTest" time="0.0"/>
  <testcase name="checking_case_insensitive()" classname="CommandValidatorTest" time="0.0"/>
  <testcase name="cd_account_is_created_normally()" classname="CommandValidatorTest" time="0.0"/>
  <testcase name="deposit_into_checking_normally()" classname="CommandValidatorTest" time="0.0"/>
  <testcase name="missing_create()" classname="CommandValidatorTest" time="0.0"/>
  <testcase name="cd_account_created_with_extra_spaces_at_end()" classname="CommandValidatorTest" time="0.0"/>
  <testcase name="transfer_with_extra_spaces_at_start()" classname="CommandValidatorTest" time="0.0"/>
  <testcase name="account_created_and_deposited()" classname="CommandValidatorTest" time="0.0"/>
  <testcase name="savings_account_created_with_extra_spaces_in_middle()" classname="CommandValidatorTest" time="0.0"/>
  <testcase name="typo_in_create()" classname="CommandValidatorTest" time="0.0"/>
  <testcase name="transfer_case_insensitive()" classname="CommandValidatorTest" time="0.0"/>
  <testcase name="pass_time_normally()" classname="CommandValidatorTest" time="0.0"/>
  <testcase name="transfer_with_extra_spaces_at_end()" classname="CommandValidatorTest" time="0.001"/>
  <system-out><![CDATA[]]></system-out>
  <system-err><![CDATA[]]></system-err>
</testsuite>
