<?xml version="1.0" encoding="UTF-8"?>
<testsuite name="DepositValidatorTest" tests="38" skipped="0" failures="0" errors="0" timestamp="2023-12-12T00:19:21" hostname="n3-119-253.dhcp.drexel.edu" time="0.006">
  <properties/>
  <testcase name="multiple_deposits_into_checking()" classname="DepositValidatorTest" time="0.0"/>
  <testcase name="attempt_to_deposit_into_cd_()" classname="DepositValidatorTest" time="0.0"/>
  <testcase name="deposit_into_checking_account_with_extra_spaces_in_middle()" classname="DepositValidatorTest" time="0.0"/>
  <testcase name="deposit_into_savings_account_with_extra_spaces_at_start()" classname="DepositValidatorTest" time="0.0"/>
  <testcase name="missing_deposit_amount_and_account_id()" classname="DepositValidatorTest" time="0.0"/>
  <testcase name="deposit_amount_is_alphanumeric()" classname="DepositValidatorTest" time="0.0"/>
  <testcase name="savings_huge_deposit()" classname="DepositValidatorTest" time="0.0"/>
  <testcase name="checking_deposit_too_many_arguments()" classname="DepositValidatorTest" time="0.0"/>
  <testcase name="savings_deposit_too_many_arguments()" classname="DepositValidatorTest" time="0.0"/>
  <testcase name="deposit_into_checking_account_with_extra_spaces_at_start()" classname="DepositValidatorTest" time="0.0"/>
  <testcase name="incorrect_account_id()" classname="DepositValidatorTest" time="0.0"/>
  <testcase name="checking_deposit_minimum_value()" classname="DepositValidatorTest" time="0.0"/>
  <testcase name="negative_value_deposited_into_savings()" classname="DepositValidatorTest" time="0.0"/>
  <testcase name="deposit_into_savings_account_with_extra_spaces_in_middle()" classname="DepositValidatorTest" time="0.0"/>
  <testcase name="checking_deposit_is_an_decimal()" classname="DepositValidatorTest" time="0.0"/>
  <testcase name="savings_deposit_too_high()" classname="DepositValidatorTest" time="0.001"/>
  <testcase name="multiple_deposits_into_savings()" classname="DepositValidatorTest" time="0.0"/>
  <testcase name="savings_deposit_minimum_value()" classname="DepositValidatorTest" time="0.0"/>
  <testcase name="savings_deposit_is_an_decimal()" classname="DepositValidatorTest" time="0.0"/>
  <testcase name="attempt_to_deposit_multiple_times_into_cd_()" classname="DepositValidatorTest" time="0.0"/>
  <testcase name="deposit_into_savings_normally()" classname="DepositValidatorTest" time="0.0"/>
  <testcase name="savings_deposit_case_insensitive()" classname="DepositValidatorTest" time="0.0"/>
  <testcase name="deposit_into_checking_with_extra_spaces_at_end()" classname="DepositValidatorTest" time="0.0"/>
  <testcase name="checking_deposit_minimum_upper_bound_invalid_value()" classname="DepositValidatorTest" time="0.0"/>
  <testcase name="missing_deposit()" classname="DepositValidatorTest" time="0.0"/>
  <testcase name="deposit_into_savings_with_extra_spaces_at_end()" classname="DepositValidatorTest" time="0.0"/>
  <testcase name="deposit_id_is_not_a_number()" classname="DepositValidatorTest" time="0.0"/>
  <testcase name="too_many_digits_in_account_id()" classname="DepositValidatorTest" time="0.0"/>
  <testcase name="deposit_amount_is_not_a_number()" classname="DepositValidatorTest" time="0.0"/>
  <testcase name="checking_huge_deposit()" classname="DepositValidatorTest" time="0.0"/>
  <testcase name="checking_deposit_case_insensitive()" classname="DepositValidatorTest" time="0.0"/>
  <testcase name="checking_deposit_too_high()" classname="DepositValidatorTest" time="0.0"/>
  <testcase name="checking_deposit_maximum_value()" classname="DepositValidatorTest" time="0.0"/>
  <testcase name="deposit_into_checking_normally()" classname="DepositValidatorTest" time="0.0"/>
  <testcase name="deposit_into_nonexistant_account()" classname="DepositValidatorTest" time="0.001"/>
  <testcase name="savings_deposit_minimum_upper_bound_invalid_value()" classname="DepositValidatorTest" time="0.0"/>
  <testcase name="missing_deposit_amount()" classname="DepositValidatorTest" time="0.0"/>
  <testcase name="savings_deposit_maximum_value()" classname="DepositValidatorTest" time="0.0"/>
  <system-out><![CDATA[]]></system-out>
  <system-err><![CDATA[]]></system-err>
</testsuite>
