<?xml version="1.0" encoding="UTF-8"?>
<testsuite name="WithdrawValidatorTest" tests="34" skipped="0" failures="0" errors="0" timestamp="2023-12-12T00:19:21" hostname="n3-119-253.dhcp.drexel.edu" time="0.01">
  <properties/>
  <testcase name="withdraw_from_cd_before_12_months()" classname="WithdrawValidatorTest" time="0.0"/>
  <testcase name="missing_withdraw_amount_and_id()" classname="WithdrawValidatorTest" time="0.0"/>
  <testcase name="too_many_arguments()" classname="WithdrawValidatorTest" time="0.0"/>
  <testcase name="savings_withdraw_is_a_decimal()" classname="WithdrawValidatorTest" time="0.0"/>
  <testcase name="minimum_withdrawal_from_checking()" classname="WithdrawValidatorTest" time="0.0"/>
  <testcase name="maximum_withdrawal_from_cd()" classname="WithdrawValidatorTest" time="0.0"/>
  <testcase name="missing_withdraw_command()" classname="WithdrawValidatorTest" time="0.0"/>
  <testcase name="withdraw_from_savings_normally()" classname="WithdrawValidatorTest" time="0.0"/>
  <testcase name="minimum_withdrawal_from_savings()" classname="WithdrawValidatorTest" time="0.0"/>
  <testcase name="checking_withdraw_maximum_lower_bound_invalid_value()" classname="WithdrawValidatorTest" time="0.0"/>
  <testcase name="missing_withdraw_amount()" classname="WithdrawValidatorTest" time="0.0"/>
  <testcase name="withdraw_from_checking_normally()" classname="WithdrawValidatorTest" time="0.0"/>
  <testcase name="checking_withdraw_minimum_upper_bound_invalid_value()" classname="WithdrawValidatorTest" time="0.0"/>
  <testcase name="cd_huge_withdrawal()" classname="WithdrawValidatorTest" time="0.0"/>
  <testcase name="checking_huge_withdrawal()" classname="WithdrawValidatorTest" time="0.001"/>
  <testcase name="savings_withdraw_maximum_lower_bound_invalid_value()" classname="WithdrawValidatorTest" time="0.0"/>
  <testcase name="negative_value_withdrawn_from_savings()" classname="WithdrawValidatorTest" time="0.0"/>
  <testcase name="minimum_withdrawal_from_cd()" classname="WithdrawValidatorTest" time="0.0"/>
  <testcase name="savings_withdraw_minimum_upper_bound_invalid_value()" classname="WithdrawValidatorTest" time="0.0"/>
  <testcase name="withdraw_from_cd_normally()" classname="WithdrawValidatorTest" time="0.0"/>
  <testcase name="id_is_not_a_number()" classname="WithdrawValidatorTest" time="0.0"/>
  <testcase name="multiple_withdrawals_savings()" classname="WithdrawValidatorTest" time="0.0"/>
  <testcase name="maximum_withdrawal_from_checking()" classname="WithdrawValidatorTest" time="0.0"/>
  <testcase name="savings_huge_withdrawal()" classname="WithdrawValidatorTest" time="0.0"/>
  <testcase name="withdraw_amount_is_not_a_number()" classname="WithdrawValidatorTest" time="0.0"/>
  <testcase name="cd_withdraw_maximum_lower_bound_invalid_value()" classname="WithdrawValidatorTest" time="0.0"/>
  <testcase name="multiple_withdrawals_savings_within_one_month_is_invalid()" classname="WithdrawValidatorTest" time="0.0"/>
  <testcase name="maximum_withdrawal_from_savings()" classname="WithdrawValidatorTest" time="0.0"/>
  <testcase name="id_is_alphanumeric()" classname="WithdrawValidatorTest" time="0.0"/>
  <testcase name="multiple_withdrawals_from_cd()" classname="WithdrawValidatorTest" time="0.0"/>
  <testcase name="negative_value_withdrawn_from_cd()" classname="WithdrawValidatorTest" time="0.0"/>
  <testcase name="checking_withdraw_is_a_decimal()" classname="WithdrawValidatorTest" time="0.0"/>
  <testcase name="multiple_withdrawals_from_checking()" classname="WithdrawValidatorTest" time="0.0"/>
  <testcase name="negative_value_withdrawn_from_checking()" classname="WithdrawValidatorTest" time="0.001"/>
  <system-out><![CDATA[]]></system-out>
  <system-err><![CDATA[]]></system-err>
</testsuite>
