<?xml version="1.0" encoding="UTF-8"?>
<testsuite name="MasterControlTest" tests="16" skipped="0" failures="0" errors="0" timestamp="2023-12-12T00:19:21" hostname="n3-119-253.dhcp.drexel.edu" time="0.015">
  <properties/>
  <testcase name="correct_valid_commands_from_mixed_commands()" classname="MasterControlTest" time="0.007"/>
  <testcase name="account_states_and_invalid_commands()" classname="MasterControlTest" time="0.001"/>
  <testcase name="correct_invalid_commands_from_mixed_commands()" classname="MasterControlTest" time="0.0"/>
  <testcase name="invalid_commands_only()" classname="MasterControlTest" time="0.0"/>
  <testcase name="typo_in_create_command()" classname="MasterControlTest" time="0.001"/>
  <testcase name="typo_in_deposit_is_invalid()" classname="MasterControlTest" time="0.0"/>
  <testcase name="mixed_all_commands_tested()" classname="MasterControlTest" time="0.002"/>
  <testcase name="empty_input_should_return_empty_invalid_commands()" classname="MasterControlTest" time="0.0"/>
  <testcase name="invalid_to_create_two_accounts_with_same_ID()" classname="MasterControlTest" time="0.0"/>
  <testcase name="account_state_inserted_into_output()" classname="MasterControlTest" time="0.0"/>
  <testcase name="multiple_mixed_account_states_in_output()" classname="MasterControlTest" time="0.001"/>
  <testcase name="multiple_mixed_account_states_in_output_2()" classname="MasterControlTest" time="0.0"/>
  <testcase name="multiple_account_states_inserted_into_output()" classname="MasterControlTest" time="0.0"/>
  <testcase name="correct_commands_only()" classname="MasterControlTest" time="0.0"/>
  <testcase name="example_input()" classname="MasterControlTest" time="0.0"/>
  <testcase name="two_typo_commands_both_invalid()" classname="MasterControlTest" time="0.0"/>
  <system-out><![CDATA[]]></system-out>
  <system-err><![CDATA[]]></system-err>
</testsuite>
