<?xml version="1.0" encoding="UTF-8"?>
<testsuite name="SavingsTest" tests="2" skipped="0" failures="0" errors="0" timestamp="2023-12-12T00:19:21" hostname="n3-119-253.dhcp.drexel.edu" time="0.0">
  <properties/>
  <testcase name="savings_account_works_as_expected()" classname="SavingsTest" time="0.0"/>
  <testcase name="savings_account_is_created_with_correct_apr()" classname="SavingsTest" time="0.0"/>
  <system-out><![CDATA[]]></system-out>
  <system-err><![CDATA[]]></system-err>
</testsuite>
